2023-04-16 14:59:32.251  INFO 15840 --- [restartedMain] b.c.m.cartoes.CartoesApplication         : Starting CartoesApplication using Java 11.0.14 on WINDOWS11 with PID 15840 (E:\IdeaProjects-microsservices\cartoes\target\classes started by jnmp2 in E:\IdeaProjects-microsservices\cartoes)
2023-04-16 14:59:32.253  INFO 15840 --- [restartedMain] b.c.m.cartoes.CartoesApplication         : No active profile set, falling back to 1 default profile: "default"
2023-04-16 14:59:32.340  INFO 15840 --- [restartedMain] .e.DevToolsPropertyDefaultsPostProcessor : Devtools property defaults active! Set 'spring.devtools.add-properties' to 'false' to disable
2023-04-16 14:59:32.341  INFO 15840 --- [restartedMain] .e.DevToolsPropertyDefaultsPostProcessor : For additional web related logging consider setting the 'logging.level.web' property to 'DEBUG'
2023-04-16 14:59:34.052  INFO 15840 --- [restartedMain] .s.d.r.c.RepositoryConfigurationDelegate : Bootstrapping Spring Data JPA repositories in DEFAULT mode.
2023-04-16 14:59:34.252  INFO 15840 --- [restartedMain] .s.d.r.c.RepositoryConfigurationDelegate : Finished Spring Data repository scanning in 187 ms. Found 2 JPA repository interfaces.
2023-04-16 14:59:34.673  INFO 15840 --- [restartedMain] o.s.cloud.context.scope.GenericScope     : BeanFactory id=9b2159b8-ddb3-3385-bd6e-2d27b37c6fcc
2023-04-16 14:59:35.986  INFO 15840 --- [restartedMain] o.s.b.w.embedded.tomcat.TomcatWebServer  : Tomcat initialized with port(s): 0 (http)
2023-04-16 14:59:36.002  INFO 15840 --- [restartedMain] o.apache.catalina.core.StandardService   : Starting service [Tomcat]
2023-04-16 14:59:36.002  INFO 15840 --- [restartedMain] org.apache.catalina.core.StandardEngine  : Starting Servlet engine: [Apache Tomcat/9.0.62]
2023-04-16 14:59:36.180  INFO 15840 --- [restartedMain] o.a.c.c.C.[Tomcat].[localhost].[/]       : Initializing Spring embedded WebApplicationContext
2023-04-16 14:59:36.180  INFO 15840 --- [restartedMain] w.s.c.ServletWebServerApplicationContext : Root WebApplicationContext: initialization completed in 3837 ms
2023-04-16 14:59:36.401  INFO 15840 --- [restartedMain] com.zaxxer.hikari.HikariDataSource       : HikariPool-1 - Starting...
2023-04-16 14:59:36.788  INFO 15840 --- [restartedMain] com.zaxxer.hikari.HikariDataSource       : HikariPool-1 - Start completed.
2023-04-16 14:59:36.803  INFO 15840 --- [restartedMain] o.s.b.a.h2.H2ConsoleAutoConfiguration    : H2 console available at '/h2-console'. Database available at 'jdbc:h2:mem:bd8dfeee-37d1-4bd9-b6f8-4b37b7736460'
2023-04-16 14:59:37.143  INFO 15840 --- [restartedMain] o.hibernate.jpa.internal.util.LogHelper  : HHH000204: Processing PersistenceUnitInfo [name: default]
2023-04-16 14:59:37.234  INFO 15840 --- [restartedMain] org.hibernate.Version                    : HHH000412: Hibernate ORM core version 5.6.8.Final
2023-04-16 14:59:37.507  INFO 15840 --- [restartedMain] o.hibernate.annotations.common.Version   : HCANN000001: Hibernate Commons Annotations {5.1.2.Final}
2023-04-16 14:59:37.701  INFO 15840 --- [restartedMain] org.hibernate.dialect.Dialect            : HHH000400: Using dialect: org.hibernate.dialect.H2Dialect
2023-04-16 14:59:38.668  INFO 15840 --- [restartedMain] o.h.e.t.j.p.i.JtaPlatformInitiator       : HHH000490: Using JtaPlatform implementation: [org.hibernate.engine.transaction.jta.platform.internal.NoJtaPlatform]
2023-04-16 14:59:38.683  INFO 15840 --- [restartedMain] j.LocalContainerEntityManagerFactoryBean : Initialized JPA EntityManagerFactory for persistence unit 'default'
2023-04-16 14:59:39.696  WARN 15840 --- [restartedMain] JpaBaseConfiguration$JpaWebConfiguration : spring.jpa.open-in-view is enabled by default. Therefore, database queries may be performed during view rendering. Explicitly configure spring.jpa.open-in-view to disable this warning
2023-04-16 14:59:43.073  INFO 15840 --- [restartedMain] o.s.b.d.a.OptionalLiveReloadServer       : LiveReload server is running on port 35729
2023-04-16 14:59:43.668  INFO 15840 --- [restartedMain] DiscoveryClientOptionalArgsConfiguration : Eureka HTTP Client uses RestTemplate.
2023-04-16 14:59:43.790  WARN 15840 --- [restartedMain] iguration$LoadBalancerCaffeineWarnLogger : Spring Cloud LoadBalancer is currently working with the default cache. While this cache implementation is useful for development and tests, it's recommended to use Caffeine cache in production.You can switch to using Caffeine cache, by adding it and org.springframework.cache.caffeine.CaffeineCacheManager to the classpath.
2023-04-16 14:59:43.799  INFO 15840 --- [restartedMain] o.s.b.a.e.web.EndpointLinksResolver      : Exposing 17 endpoint(s) beneath base path '/actuator'
2023-04-16 14:59:43.938  INFO 15840 --- [restartedMain] o.s.b.w.embedded.tomcat.TomcatWebServer  : Tomcat started on port(s): 62890 (http) with context path ''
2023-04-16 14:59:43.942  INFO 15840 --- [restartedMain] .s.c.n.e.s.EurekaAutoServiceRegistration : Updating port to 62890
2023-04-16 14:59:43.952  INFO 15840 --- [restartedMain] o.s.c.n.eureka.InstanceInfoFactory       : Setting initial instance status as: STARTING
2023-04-16 14:59:44.103  INFO 15840 --- [restartedMain] com.netflix.discovery.DiscoveryClient    : Initializing Eureka in region us-east-1
2023-04-16 14:59:44.112  INFO 15840 --- [restartedMain] c.n.d.s.r.aws.ConfigClusterResolver      : Resolving eureka endpoints via configuration
2023-04-16 14:59:44.158  INFO 15840 --- [restartedMain] com.netflix.discovery.DiscoveryClient    : Disable delta property : false
2023-04-16 14:59:44.159  INFO 15840 --- [restartedMain] com.netflix.discovery.DiscoveryClient    : Single vip registry refresh property : null
2023-04-16 14:59:44.159  INFO 15840 --- [restartedMain] com.netflix.discovery.DiscoveryClient    : Force full registry fetch : false
2023-04-16 14:59:44.159  INFO 15840 --- [restartedMain] com.netflix.discovery.DiscoveryClient    : Application is null : false
2023-04-16 14:59:44.159  INFO 15840 --- [restartedMain] com.netflix.discovery.DiscoveryClient    : Registered Applications size is zero : true
2023-04-16 14:59:44.160  INFO 15840 --- [restartedMain] com.netflix.discovery.DiscoveryClient    : Application version is -1: true
2023-04-16 14:59:44.161  INFO 15840 --- [restartedMain] com.netflix.discovery.DiscoveryClient    : Getting all instance registry info from the eureka server
2023-04-16 14:59:45.033  INFO 15840 --- [restartedMain] com.netflix.discovery.DiscoveryClient    : The response status is 200
2023-04-16 14:59:45.036  INFO 15840 --- [restartedMain] com.netflix.discovery.DiscoveryClient    : Starting heartbeat executor: renew interval is: 30
2023-04-16 14:59:45.041  INFO 15840 --- [restartedMain] c.n.discovery.InstanceInfoReplicator     : InstanceInfoReplicator onDemand update allowed rate per min is 4
2023-04-16 14:59:45.050  INFO 15840 --- [restartedMain] com.netflix.discovery.DiscoveryClient    : Discovery Client initialized at timestamp 1681667985047 with initial instances count: 0
2023-04-16 14:59:45.055  INFO 15840 --- [restartedMain] o.s.c.n.e.s.EurekaServiceRegistry        : Registering application CARTOES with eureka with status UP
2023-04-16 14:59:45.055  INFO 15840 --- [restartedMain] com.netflix.discovery.DiscoveryClient    : Saw local status change event StatusChangeEvent [timestamp=1681667985055, current=UP, previous=STARTING]
2023-04-16 14:59:45.058  INFO 15840 --- [DiscoveryClient-InstanceInfoReplicator-0] com.netflix.discovery.DiscoveryClient    : DiscoveryClient_CARTOES/cartoes:3a258491fe967d9f34f6a27b824bcc51 : registering service...
2023-04-16 14:59:45.433  INFO 15840 --- [DiscoveryClient-InstanceInfoReplicator-0] com.netflix.discovery.DiscoveryClient    : DiscoveryClient_CARTOES/cartoes:3a258491fe967d9f34f6a27b824bcc51  - registration status: 204
2023-04-16 14:59:45.773  INFO 15840 --- [restartedMain] o.s.a.r.c.CachingConnectionFactory       : Attempting to connect to: [localhost:5672]
2023-04-16 14:59:45.867  INFO 15840 --- [restartedMain] o.s.a.r.c.CachingConnectionFactory       : Created new connection: rabbitConnectionFactory#41206a1a:0/SimpleConnection@2f11b9ac [delegate=amqp://guest@127.0.0.1:5672/, localPort= 62895]
2023-04-16 14:59:45.981  INFO 15840 --- [restartedMain] b.c.m.cartoes.CartoesApplication         : Started CartoesApplication in 14.897 seconds (JVM running for 16.131)
2023-04-16 15:00:09.450  INFO 15840 --- [SpringApplicationShutdownHook] o.s.c.n.e.s.EurekaServiceRegistry        : Unregistering application CARTOES with eureka with status DOWN
2023-04-16 15:00:09.450  INFO 15840 --- [SpringApplicationShutdownHook] com.netflix.discovery.DiscoveryClient    : Saw local status change event StatusChangeEvent [timestamp=1681668009450, current=DOWN, previous=UP]
2023-04-16 15:00:09.450  INFO 15840 --- [DiscoveryClient-InstanceInfoReplicator-0] com.netflix.discovery.DiscoveryClient    : DiscoveryClient_CARTOES/cartoes:3a258491fe967d9f34f6a27b824bcc51 : registering service...
2023-04-16 15:00:09.459  INFO 15840 --- [org.springframework.amqp.rabbit.RabbitListenerEndpointContainer#0-2] o.s.a.r.l.SimpleMessageListenerContainer : Waiting for workers to finish.
2023-04-16 15:00:09.471  INFO 15840 --- [DiscoveryClient-InstanceInfoReplicator-0] com.netflix.discovery.DiscoveryClient    : DiscoveryClient_CARTOES/cartoes:3a258491fe967d9f34f6a27b824bcc51  - registration status: 204
2023-04-16 15:00:10.213  INFO 15840 --- [org.springframework.amqp.rabbit.RabbitListenerEndpointContainer#0-2] o.s.a.r.l.SimpleMessageListenerContainer : Successfully waited for workers to finish.
2023-04-16 15:00:10.485  INFO 15840 --- [SpringApplicationShutdownHook] o.s.a.r.l.SimpleMessageListenerContainer : Shutdown ignored - container is already stopped
2023-04-16 15:00:10.490  INFO 15840 --- [SpringApplicationShutdownHook] j.LocalContainerEntityManagerFactoryBean : Closing JPA EntityManagerFactory for persistence unit 'default'
2023-04-16 15:00:10.490  INFO 15840 --- [SpringApplicationShutdownHook] .SchemaDropperImpl$DelayedDropActionImpl : HHH000477: Starting delayed evictData of schema as part of SessionFactory shut-down'
2023-04-16 15:00:10.732  WARN 15840 --- [SpringApplicationShutdownHook] o.s.b.f.support.DisposableBeanAdapter    : Invocation of destroy method failed on bean with name 'inMemoryDatabaseShutdownExecutor': org.h2.jdbc.JdbcSQLNonTransientConnectionException: Database is already closed (to disable automatic closing at VM shutdown, add ";DB_CLOSE_ON_EXIT=FALSE" to the db URL) [90121-200]
2023-04-16 15:00:10.733  INFO 15840 --- [SpringApplicationShutdownHook] com.zaxxer.hikari.HikariDataSource       : HikariPool-1 - Shutdown initiated...
2023-04-16 15:00:10.738  INFO 15840 --- [SpringApplicationShutdownHook] com.zaxxer.hikari.HikariDataSource       : HikariPool-1 - Shutdown completed.
2023-04-16 15:00:10.740  INFO 15840 --- [SpringApplicationShutdownHook] com.netflix.discovery.DiscoveryClient    : Shutting down DiscoveryClient ...
2023-04-16 15:00:13.756  INFO 15840 --- [SpringApplicationShutdownHook] com.netflix.discovery.DiscoveryClient    : Unregistering ...
2023-04-16 15:00:13.779  INFO 15840 --- [SpringApplicationShutdownHook] com.netflix.discovery.DiscoveryClient    : DiscoveryClient_CARTOES/cartoes:3a258491fe967d9f34f6a27b824bcc51  - deregister  status: 404
2023-04-16 15:00:13.784  INFO 15840 --- [SpringApplicationShutdownHook] com.netflix.discovery.DiscoveryClient    : Completed shut down of DiscoveryClient
2023-04-16 17:09:13.086  INFO 2116 --- [main] b.c.m.cartoes.CartoesApplicationTests    : Starting CartoesApplicationTests using Java 17.0.2 on WINDOWS11 with PID 2116 (started by jnmp2 in E:\IdeaProjects-microsservices\projeto-microservices-docker\cartoes)
2023-04-16 17:09:13.089  INFO 2116 --- [main] b.c.m.cartoes.CartoesApplicationTests    : No active profile set, falling back to 1 default profile: "default"
2023-04-16 17:09:15.761  INFO 2116 --- [main] .s.d.r.c.RepositoryConfigurationDelegate : Bootstrapping Spring Data JPA repositories in DEFAULT mode.
2023-04-16 17:09:16.051  INFO 2116 --- [main] .s.d.r.c.RepositoryConfigurationDelegate : Finished Spring Data repository scanning in 264 ms. Found 2 JPA repository interfaces.
2023-04-16 17:09:16.615  INFO 2116 --- [main] o.s.cloud.context.scope.GenericScope     : BeanFactory id=1c1cff7a-a93d-3e9d-9f85-11e0212c344a
2023-04-16 17:09:17.594  INFO 2116 --- [main] com.zaxxer.hikari.HikariDataSource       : HikariPool-1 - Starting...
2023-04-16 17:09:18.030  INFO 2116 --- [main] com.zaxxer.hikari.HikariDataSource       : HikariPool-1 - Start completed.
2023-04-16 17:09:18.204  INFO 2116 --- [main] o.hibernate.jpa.internal.util.LogHelper  : HHH000204: Processing PersistenceUnitInfo [name: default]
2023-04-16 17:09:18.315  INFO 2116 --- [main] org.hibernate.Version                    : HHH000412: Hibernate ORM core version 5.6.9.Final
2023-04-16 17:09:18.663  INFO 2116 --- [main] o.hibernate.annotations.common.Version   : HCANN000001: Hibernate Commons Annotations {5.1.2.Final}
2023-04-16 17:09:18.873  INFO 2116 --- [main] org.hibernate.dialect.Dialect            : HHH000400: Using dialect: org.hibernate.dialect.H2Dialect
2023-04-16 17:09:19.719  INFO 2116 --- [main] o.h.e.t.j.p.i.JtaPlatformInitiator       : HHH000490: Using JtaPlatform implementation: [org.hibernate.engine.transaction.jta.platform.internal.NoJtaPlatform]
2023-04-16 17:09:19.731  INFO 2116 --- [main] j.LocalContainerEntityManagerFactoryBean : Initialized JPA EntityManagerFactory for persistence unit 'default'
2023-04-16 17:09:21.189  WARN 2116 --- [main] JpaBaseConfiguration$JpaWebConfiguration : spring.jpa.open-in-view is enabled by default. Therefore, database queries may be performed during view rendering. Explicitly configure spring.jpa.open-in-view to disable this warning
2023-04-16 17:09:26.558  INFO 2116 --- [main] DiscoveryClientOptionalArgsConfiguration : Eureka HTTP Client uses RestTemplate.
2023-04-16 17:09:26.805  WARN 2116 --- [main] iguration$LoadBalancerCaffeineWarnLogger : Spring Cloud LoadBalancer is currently working with the default cache. While this cache implementation is useful for development and tests, it's recommended to use Caffeine cache in production.You can switch to using Caffeine cache, by adding it and org.springframework.cache.caffeine.CaffeineCacheManager to the classpath.
2023-04-16 17:09:26.827  INFO 2116 --- [main] o.s.b.a.e.web.EndpointLinksResolver      : Exposing 17 endpoint(s) beneath base path '/actuator'
2023-04-16 17:09:27.017  INFO 2116 --- [main] o.s.a.r.c.CachingConnectionFactory       : Attempting to connect to: [localhost:5672]
2023-04-16 17:09:27.040  INFO 2116 --- [main] o.s.a.r.l.SimpleMessageListenerContainer : Broker not available; cannot force queue declarations during start: java.net.ConnectException: Connection refused: no further information
2023-04-16 17:09:27.055  INFO 2116 --- [org.springframework.amqp.rabbit.RabbitListenerEndpointContainer#0-1] o.s.a.r.c.CachingConnectionFactory       : Attempting to connect to: [localhost:5672]
2023-04-16 17:09:27.099  INFO 2116 --- [main] b.c.m.cartoes.CartoesApplicationTests    : Started CartoesApplicationTests in 14.848 seconds (JVM running for 16.388)
2023-04-16 17:09:27.635  INFO 2116 --- [SpringApplicationShutdownHook] o.s.c.n.eureka.InstanceInfoFactory       : Setting initial instance status as: STARTING
2023-04-16 17:09:27.641  INFO 2116 --- [SpringApplicationShutdownHook] o.s.c.n.e.s.EurekaServiceRegistry        : Unregistering application CARTOES with eureka with status DOWN
2023-04-16 17:09:27.649  INFO 2116 --- [org.springframework.amqp.rabbit.RabbitListenerEndpointContainer#0-2] o.s.a.r.l.SimpleMessageListenerContainer : Waiting for workers to finish.
2023-04-16 17:09:27.649  INFO 2116 --- [org.springframework.amqp.rabbit.RabbitListenerEndpointContainer#0-2] o.s.a.r.l.SimpleMessageListenerContainer : Successfully waited for workers to finish.
2023-04-16 17:09:27.663  INFO 2116 --- [SpringApplicationShutdownHook] o.s.a.r.l.SimpleMessageListenerContainer : Shutdown ignored - container is already stopped
2023-04-16 17:09:27.666  INFO 2116 --- [SpringApplicationShutdownHook] j.LocalContainerEntityManagerFactoryBean : Closing JPA EntityManagerFactory for persistence unit 'default'
2023-04-16 17:09:27.667  INFO 2116 --- [SpringApplicationShutdownHook] .SchemaDropperImpl$DelayedDropActionImpl : HHH000477: Starting delayed evictData of schema as part of SessionFactory shut-down'
2023-04-16 17:09:27.675  INFO 2116 --- [SpringApplicationShutdownHook] com.zaxxer.hikari.HikariDataSource       : HikariPool-1 - Shutdown initiated...
2023-04-16 17:09:27.679  INFO 2116 --- [SpringApplicationShutdownHook] com.zaxxer.hikari.HikariDataSource       : HikariPool-1 - Shutdown completed.
