2023-04-16 17:09:34.070  INFO 16432 --- [main] b.c.m.clientes.ClientesApplicationTests  : Starting ClientesApplicationTests using Java 17.0.2 on WINDOWS11 with PID 16432 (started by jnmp2 in E:\IdeaProjects-microsservices\projeto-microservices-docker\clientes)
2023-04-16 17:09:34.072  INFO 16432 --- [main] b.c.m.clientes.ClientesApplicationTests  : No active profile set, falling back to 1 default profile: "default"
2023-04-16 17:09:36.303  INFO 16432 --- [main] .s.d.r.c.RepositoryConfigurationDelegate : Bootstrapping Spring Data JPA repositories in DEFAULT mode.
2023-04-16 17:09:36.532  INFO 16432 --- [main] .s.d.r.c.RepositoryConfigurationDelegate : Finished Spring Data repository scanning in 202 ms. Found 1 JPA repository interfaces.
2023-04-16 17:09:37.066  INFO 16432 --- [main] o.s.cloud.context.scope.GenericScope     : BeanFactory id=87e17c3e-313d-3b65-86fd-43dfea938b0d
2023-04-16 17:09:38.179  INFO 16432 --- [main] com.zaxxer.hikari.HikariDataSource       : HikariPool-1 - Starting...
2023-04-16 17:09:38.722  INFO 16432 --- [main] com.zaxxer.hikari.HikariDataSource       : HikariPool-1 - Start completed.
2023-04-16 17:09:38.893  INFO 16432 --- [main] o.hibernate.jpa.internal.util.LogHelper  : HHH000204: Processing PersistenceUnitInfo [name: default]
2023-04-16 17:09:39.051  INFO 16432 --- [main] org.hibernate.Version                    : HHH000412: Hibernate ORM core version 5.6.9.Final
2023-04-16 17:09:39.487  INFO 16432 --- [main] o.hibernate.annotations.common.Version   : HCANN000001: Hibernate Commons Annotations {5.1.2.Final}
2023-04-16 17:09:39.802  INFO 16432 --- [main] org.hibernate.dialect.Dialect            : HHH000400: Using dialect: org.hibernate.dialect.H2Dialect
2023-04-16 17:09:40.701  INFO 16432 --- [main] o.h.e.t.j.p.i.JtaPlatformInitiator       : HHH000490: Using JtaPlatform implementation: [org.hibernate.engine.transaction.jta.platform.internal.NoJtaPlatform]
2023-04-16 17:09:40.716  INFO 16432 --- [main] j.LocalContainerEntityManagerFactoryBean : Initialized JPA EntityManagerFactory for persistence unit 'default'
2023-04-16 17:09:42.301  WARN 16432 --- [main] JpaBaseConfiguration$JpaWebConfiguration : spring.jpa.open-in-view is enabled by default. Therefore, database queries may be performed during view rendering. Explicitly configure spring.jpa.open-in-view to disable this warning
2023-04-16 17:09:46.788  INFO 16432 --- [main] DiscoveryClientOptionalArgsConfiguration : Eureka HTTP Client uses RestTemplate.
2023-04-16 17:09:47.005  WARN 16432 --- [main] iguration$LoadBalancerCaffeineWarnLogger : Spring Cloud LoadBalancer is currently working with the default cache. While this cache implementation is useful for development and tests, it's recommended to use Caffeine cache in production.You can switch to using Caffeine cache, by adding it and org.springframework.cache.caffeine.CaffeineCacheManager to the classpath.
2023-04-16 17:09:47.025  INFO 16432 --- [main] o.s.b.a.e.web.EndpointLinksResolver      : Exposing 17 endpoint(s) beneath base path '/actuator'
2023-04-16 17:09:47.148  INFO 16432 --- [main] b.c.m.clientes.ClientesApplicationTests  : Started ClientesApplicationTests in 13.886 seconds (JVM running for 15.369)
2023-04-16 17:09:47.637  INFO 16432 --- [SpringApplicationShutdownHook] o.s.c.n.eureka.InstanceInfoFactory       : Setting initial instance status as: STARTING
2023-04-16 17:09:47.640  INFO 16432 --- [SpringApplicationShutdownHook] o.s.c.n.e.s.EurekaServiceRegistry        : Unregistering application CLIENTES with eureka with status DOWN
2023-04-16 17:09:47.652  INFO 16432 --- [SpringApplicationShutdownHook] j.LocalContainerEntityManagerFactoryBean : Closing JPA EntityManagerFactory for persistence unit 'default'
2023-04-16 17:09:47.653  INFO 16432 --- [SpringApplicationShutdownHook] .SchemaDropperImpl$DelayedDropActionImpl : HHH000477: Starting delayed evictData of schema as part of SessionFactory shut-down'
2023-04-16 17:09:47.660  INFO 16432 --- [SpringApplicationShutdownHook] com.zaxxer.hikari.HikariDataSource       : HikariPool-1 - Shutdown initiated...
2023-04-16 17:09:47.665  INFO 16432 --- [SpringApplicationShutdownHook] com.zaxxer.hikari.HikariDataSource       : HikariPool-1 - Shutdown completed.
